<?xml version="1.0" encoding="UTF-8"?>
<!-- Generated by org.testng.reporters.JUnitReportReporter -->
<testsuite skipped="0" hostname="DESKTOP-U8UDBFC" name="com.leafBot.testcases.TC003_CreateLead" tests="2" failures="0" timestamp="2021-08-27T19:13:25 IST" time="48.638" errors="0">
  <testcase name="createLead" time="25.445" classname="com.leafBot.testcases.TC003_CreateLead"/>
  <system-out/>
  <testcase name="createLead" time="23.193" classname="com.leafBot.testcases.TC003_CreateLead"/>
  <system-out/>
</testsuite> <!-- com.leafBot.testcases.TC003_CreateLead -->
