<?xml version="1.0" encoding="UTF-8"?>
<!-- Generated by org.testng.reporters.JUnitReportReporter -->
<testsuite hostname="QA1073" failures="0" tests="4" name="com.leafBot.testcases.TC002_LoginForFailure" time="22.194" errors="0" timestamp="2022-09-30T14:48:01 IST" skipped="0">
  <testcase classname="com.leafBot.testcases.TC002_LoginForFailure" name="createLead" time="5.491"/>
  <system-out/>
  <testcase classname="com.leafBot.testcases.TC002_LoginForFailure" name="createLead" time="4.051"/>
  <system-out/>
  <testcase classname="com.leafBot.testcases.TC002_LoginForFailure" name="createLead" time="5.939"/>
  <system-out/>
  <testcase classname="com.leafBot.testcases.TC002_LoginForFailure" name="createLead" time="6.713"/>
  <system-out/>
</testsuite> <!-- com.leafBot.testcases.TC002_LoginForFailure -->
