<?xml version="1.0" encoding="UTF-8"?>
<!-- Generated by org.testng.reporters.JUnitReportReporter -->
<testsuite hostname="QA1073" failures="0" tests="1" name="com.leafBot.testcases.TC001_LoginLogOut" time="10.091" errors="0" timestamp="2022-09-30T14:48:01 IST" skipped="0">
  <testcase classname="com.leafBot.testcases.TC001_LoginLogOut" name="createLeaf" time="10.091"/>
  <system-out/>
</testsuite> <!-- com.leafBot.testcases.TC001_LoginLogOut -->
